<?xml version="1.0" encoding="UTF-8"?>
<!-- Generated by org.testng.reporters.JUnitReportReporter -->
<testsuite hostname="Mithun-PC" failures="0" tests="1" name="com.practice.Demo" time="0.019" errors="0" timestamp="2021-12-09T15:13:04 IST" skipped="0">
  <testcase classname="com.practice.Demo" name="test" time="0.019"/>
  <system-out/>
</testsuite> <!-- com.practice.Demo -->
